<?xml version="1.0" encoding="UTF-8"?>
<robot generator="Robot 4.0.3 (Python 3.8.10 on linux)" generated="20210703 06:17:28.255" rpa="false" schemaversion="2">
<suite id="s1" name="API" source="/home/kira/Documentos/repo_git/desafioViradaQualidade/API/API.robot">
<kw name="Conectar a minha API" library="resourceAPI" type="SETUP">
<kw name="Create Session" library="RequestsLibrary">
<arg>conexaoQA</arg>
<arg>${CADASTRO}</arg>
<doc>Create Session: create a HTTP session to a server</doc>
<msg timestamp="20210703 06:17:28.400" level="INFO">Creating Session using : alias=conexaoQA, url=https://conexaoqa.herokuapp.com/api/, headers={},                     cookies={}, auth=None, timeout=None, proxies=None, verify=False,                     debug=0 </msg>
<status status="PASS" starttime="20210703 06:17:28.400" endtime="20210703 06:17:28.401"/>
</kw>
<kw name="Create Dictionary" library="BuiltIn">
<var>${HEADERS}</var>
<arg>content-type=application/json</arg>
<doc>Creates and returns a dictionary based on the given ``items``.</doc>
<msg timestamp="20210703 06:17:28.401" level="INFO">${HEADERS} = {'content-type': 'application/json'}</msg>
<status status="PASS" starttime="20210703 06:17:28.401" endtime="20210703 06:17:28.401"/>
</kw>
<kw name="Set Suite Variable" library="BuiltIn">
<arg>${HEADERS}</arg>
<doc>Makes a variable available everywhere within the scope of the current suite.</doc>
<msg timestamp="20210703 06:17:28.402" level="INFO">${HEADERS} = {'content-type': 'application/json'}</msg>
<status status="PASS" starttime="20210703 06:17:28.401" endtime="20210703 06:17:28.402"/>
</kw>
<status status="PASS" starttime="20210703 06:17:28.399" endtime="20210703 06:17:28.402"/>
</kw>
<test id="s1-t1" name="Cadastrar Usuário">
<kw name="Cadastrar Usuário" library="resourceAPI">
<kw name="Post On Session" library="RequestsLibrary">
<var>${RESPOSTA}</var>
<arg>conexaoQA</arg>
<arg>users</arg>
<arg>data={"name": "GislaineOliveira","email": "gislaine1@exemplo.com","password": "123456"}</arg>
<arg>headers=${HEADERS}</arg>
<doc>Sends a POST request on a previously created HTTP Session.</doc>
<msg timestamp="20210703 06:17:29.588" level="INFO">POST Request : url=https://conexaoqa.herokuapp.com/api/users 
 path_url=/api/users 
 headers={'User-Agent': 'python-requests/2.22.0', 'Accept-Encoding': 'gzip, deflate', 'Accept': '*/*', 'Connection': 'keep-alive', 'content-type': 'application/json', 'Content-Length': '82'} 
 body={"name": "GislaineOliveira","email": "gislaine1@exemplo.com","password": "123456"} 
 </msg>
<msg timestamp="20210703 06:17:29.589" level="INFO">POST Response : url=https://conexaoqa.herokuapp.com/api/users 
 status=201, reason=Created 
 headers={'Server': 'Cowboy', 'Connection': 'keep-alive', 'X-Powered-By': 'Express', 'Set-Cookie': 'jwt=eyJhbGciOiJIUzI1NiIsInR5cCI6IkpXVCJ9.eyJ1c2VyIjp7ImlkIjoiNjBlMDJiMjkwOTI0ZmMwMDE1MDU3Y2M2In0sImlhdCI6MTYyNTMwMzg0OSwiZXhwIjoxNjI1MzA3NDQ5fQ.H77WFyVbHzGeJCiOsMrvcGH3OqFlFe-cnrRVgvISc2E; Path=/; Expires=Sat, 03 Jul 2021 10:17:29 GMT', 'Content-Type': 'application/json; charset=utf-8', 'Content-Length': '193', 'Date': 'Sat, 03 Jul 2021 09:17:29 GMT', 'Via': '1.1 vegur'} 
 body={"jwt":"eyJhbGciOiJIUzI1NiIsInR5cCI6IkpXVCJ9.eyJ1c2VyIjp7ImlkIjoiNjBlMDJiMjkwOTI0ZmMwMDE1MDU3Y2M2In0sImlhdCI6MTYyNTMwMzg0OSwiZXhwIjoxNjI1MzA3NDQ5fQ.H77WFyVbHzGeJCiOsMrvcGH3OqFlFe-cnrRVgvISc2E"} 
 </msg>
<msg timestamp="20210703 06:17:29.589" level="INFO">/usr/lib/python3/dist-packages/urllib3/connectionpool.py:999: InsecureRequestWarning: Unverified HTTPS request is being made to host 'conexaoqa.herokuapp.com'. Adding certificate verification is strongly advised. See: https://urllib3.readthedocs.io/en/latest/advanced-usage.html#ssl-warnings
  warnings.warn(</msg>
<msg timestamp="20210703 06:17:29.590" level="INFO">${RESPOSTA} = &lt;Response [201]&gt;</msg>
<status status="PASS" starttime="20210703 06:17:28.403" endtime="20210703 06:17:29.590"/>
</kw>
<kw name="Log" library="BuiltIn">
<arg>${RESPOSTA.text}</arg>
<doc>Logs the given message with the given level.</doc>
<msg timestamp="20210703 06:17:29.596" level="INFO">{"jwt":"eyJhbGciOiJIUzI1NiIsInR5cCI6IkpXVCJ9.eyJ1c2VyIjp7ImlkIjoiNjBlMDJiMjkwOTI0ZmMwMDE1MDU3Y2M2In0sImlhdCI6MTYyNTMwMzg0OSwiZXhwIjoxNjI1MzA3NDQ5fQ.H77WFyVbHzGeJCiOsMrvcGH3OqFlFe-cnrRVgvISc2E"}</msg>
<status status="PASS" starttime="20210703 06:17:29.591" endtime="20210703 06:17:29.596"/>
</kw>
<kw name="Set Test Variable" library="BuiltIn">
<arg>${RESPOSTA}</arg>
<doc>Makes a variable available everywhere within the scope of the current test.</doc>
<msg timestamp="20210703 06:17:29.600" level="INFO">${RESPOSTA} = &lt;Response [201]&gt;</msg>
<status status="PASS" starttime="20210703 06:17:29.597" endtime="20210703 06:17:29.601"/>
</kw>
<status status="PASS" starttime="20210703 06:17:28.403" endtime="20210703 06:17:29.602"/>
</kw>
<kw name="Conferir o status code" library="resourceAPI">
<arg>201</arg>
<kw name="Should Be Equal As Strings" library="BuiltIn">
<arg>${RESPOSTA.status_code}</arg>
<arg>${STATUSCODE_DES}</arg>
<doc>Fails if objects are unequal after converting them to strings.</doc>
<msg timestamp="20210703 06:17:29.612" level="INFO">Argument types are:
&lt;class 'int'&gt;
&lt;type 'unicode'&gt;</msg>
<status status="PASS" starttime="20210703 06:17:29.606" endtime="20210703 06:17:29.613"/>
</kw>
<status status="PASS" starttime="20210703 06:17:29.603" endtime="20210703 06:17:29.614"/>
</kw>
<status status="PASS" starttime="20210703 06:17:28.402" endtime="20210703 06:17:29.616"/>
</test>
<test id="s1-t2" name="Login">
<kw name="Login de Usuário" library="resourceAPI">
<kw name="Post On Session" library="RequestsLibrary">
<var>${RESPOSTA}</var>
<arg>conexaoQA</arg>
<arg>auth</arg>
<arg>data={"email": "gih1@exemplo.com", "password": "123456"}</arg>
<arg>headers=${HEADERS}</arg>
<doc>Sends a POST request on a previously created HTTP Session.</doc>
<msg timestamp="20210703 06:17:30.105" level="INFO">POST Request : url=https://conexaoqa.herokuapp.com/api/auth 
 path_url=/api/auth 
 headers={'User-Agent': 'python-requests/2.22.0', 'Accept-Encoding': 'gzip, deflate', 'Accept': '*/*', 'Connection': 'keep-alive', 'content-type': 'application/json', 'Cookie': 'jwt=eyJhbGciOiJIUzI1NiIsInR5cCI6IkpXVCJ9.eyJ1c2VyIjp7ImlkIjoiNjBlMDJiMjkwOTI0ZmMwMDE1MDU3Y2M2In0sImlhdCI6MTYyNTMwMzg0OSwiZXhwIjoxNjI1MzA3NDQ5fQ.H77WFyVbHzGeJCiOsMrvcGH3OqFlFe-cnrRVgvISc2E', 'Content-Length': '51'} 
 body={"email": "gih1@exemplo.com", "password": "123456"} 
 </msg>
<msg timestamp="20210703 06:17:30.106" level="INFO">POST Response : url=https://conexaoqa.herokuapp.com/api/auth 
 status=200, reason=OK 
 headers={'Server': 'Cowboy', 'Connection': 'keep-alive', 'X-Powered-By': 'Express', 'Set-Cookie': 'jwt=eyJhbGciOiJIUzI1NiIsInR5cCI6IkpXVCJ9.eyJ1c2VyIjp7ImlkIjoiNjBlMDBkMDEwOTI0ZmMwMDE1MDU3YzJjIn0sImlhdCI6MTYyNTMwMzg0OSwiZXhwIjoxNjI1MzA3NDQ5fQ.u3ouktqgWQ9unsdzv0py_4Phgr92Kpujf6LAy5G2Xso; Path=/; Expires=Sat, 03 Jul 2021 10:17:29 GMT', 'Content-Type': 'application/json; charset=utf-8', 'Content-Length': '193', 'Date': 'Sat, 03 Jul 2021 09:17:29 GMT', 'Via': '1.1 vegur'} 
 body={"jwt":"eyJhbGciOiJIUzI1NiIsInR5cCI6IkpXVCJ9.eyJ1c2VyIjp7ImlkIjoiNjBlMDBkMDEwOTI0ZmMwMDE1MDU3YzJjIn0sImlhdCI6MTYyNTMwMzg0OSwiZXhwIjoxNjI1MzA3NDQ5fQ.u3ouktqgWQ9unsdzv0py_4Phgr92Kpujf6LAy5G2Xso"} 
 </msg>
<msg timestamp="20210703 06:17:30.106" level="INFO">/usr/lib/python3/dist-packages/urllib3/connectionpool.py:999: InsecureRequestWarning: Unverified HTTPS request is being made to host 'conexaoqa.herokuapp.com'. Adding certificate verification is strongly advised. See: https://urllib3.readthedocs.io/en/latest/advanced-usage.html#ssl-warnings
  warnings.warn(</msg>
<msg timestamp="20210703 06:17:30.107" level="INFO">${RESPOSTA} = &lt;Response [200]&gt;</msg>
<status status="PASS" starttime="20210703 06:17:29.621" endtime="20210703 06:17:30.107"/>
</kw>
<kw name="Log" library="BuiltIn">
<arg>${RESPOSTA.text}</arg>
<doc>Logs the given message with the given level.</doc>
<msg timestamp="20210703 06:17:30.112" level="INFO">{"jwt":"eyJhbGciOiJIUzI1NiIsInR5cCI6IkpXVCJ9.eyJ1c2VyIjp7ImlkIjoiNjBlMDBkMDEwOTI0ZmMwMDE1MDU3YzJjIn0sImlhdCI6MTYyNTMwMzg0OSwiZXhwIjoxNjI1MzA3NDQ5fQ.u3ouktqgWQ9unsdzv0py_4Phgr92Kpujf6LAy5G2Xso"}</msg>
<status status="PASS" starttime="20210703 06:17:30.108" endtime="20210703 06:17:30.113"/>
</kw>
<kw name="Set Test Variable" library="BuiltIn">
<arg>${RESPOSTA}</arg>
<doc>Makes a variable available everywhere within the scope of the current test.</doc>
<msg timestamp="20210703 06:17:30.117" level="INFO">${RESPOSTA} = &lt;Response [200]&gt;</msg>
<status status="PASS" starttime="20210703 06:17:30.114" endtime="20210703 06:17:30.117"/>
</kw>
<status status="PASS" starttime="20210703 06:17:29.619" endtime="20210703 06:17:30.119"/>
</kw>
<kw name="Conferir o status code" library="resourceAPI">
<arg>200</arg>
<kw name="Should Be Equal As Strings" library="BuiltIn">
<arg>${RESPOSTA.status_code}</arg>
<arg>${STATUSCODE_DES}</arg>
<doc>Fails if objects are unequal after converting them to strings.</doc>
<msg timestamp="20210703 06:17:30.131" level="INFO">Argument types are:
&lt;class 'int'&gt;
&lt;type 'unicode'&gt;</msg>
<status status="PASS" starttime="20210703 06:17:30.123" endtime="20210703 06:17:30.131"/>
</kw>
<status status="PASS" starttime="20210703 06:17:30.120" endtime="20210703 06:17:30.133"/>
</kw>
<status status="PASS" starttime="20210703 06:17:29.618" endtime="20210703 06:17:30.134"/>
</test>
<test id="s1-t3" name="Cadastrar Perfil">
<kw name="Cadastrar perfil do Usuário" library="resourceAPI">
<kw name="Post On Session" library="RequestsLibrary">
<var>${RESPOSTA}</var>
<arg>conexaoQA</arg>
<arg>profile</arg>
<arg>data={"company": "LogComex", "status": "QA Pleno", "location": "Curitiba", "skills": "Teste API, Testes Manuais, Regressão, Robot Framework", "bio": "Sou Gislaine, mais conhecida como Kira"}</arg>
<arg>headers=${HEADERS}</arg>
<doc>Sends a POST request on a previously created HTTP Session.</doc>
<msg timestamp="20210703 06:17:30.410" level="INFO">POST Request : url=https://conexaoqa.herokuapp.com/api/profile 
 path_url=/api/profile 
 headers={'User-Agent': 'python-requests/2.22.0', 'Accept-Encoding': 'gzip, deflate', 'Accept': '*/*', 'Connection': 'keep-alive', 'content-type': 'application/json', 'Cookie': 'jwt=eyJhbGciOiJIUzI1NiIsInR5cCI6IkpXVCJ9.eyJ1c2VyIjp7ImlkIjoiNjBlMDBkMDEwOTI0ZmMwMDE1MDU3YzJjIn0sImlhdCI6MTYyNTMwMzg0OSwiZXhwIjoxNjI1MzA3NDQ5fQ.u3ouktqgWQ9unsdzv0py_4Phgr92Kpujf6LAy5G2Xso', 'Content-Length': '185'} 
 body={"company": "LogComex", "status": "QA Pleno", "location": "Curitiba", "skills": "Teste API, Testes Manuais, Regressão, Robot Framework", "bio": "Sou Gislaine, mais conhecida como Kira"} 
 </msg>
<msg timestamp="20210703 06:17:30.410" level="INFO">POST Response : url=https://conexaoqa.herokuapp.com/api/profile 
 status=200, reason=OK 
 headers={'Server': 'Cowboy', 'Connection': 'keep-alive', 'X-Powered-By': 'Express', 'Content-Type': 'application/json; charset=utf-8', 'Content-Length': '463', 'Date': 'Sat, 03 Jul 2021 09:17:30 GMT', 'Via': '1.1 vegur'} 
 body={"social":{"youtube":"","twitter":"","facebook":"","linkedin":"","instagram":"","medium":""},"skills":["Teste API","Testes Manuais","Regress�o","Robot Framework"],"_id":"60e010440924fc0015057c30","user":"60e00d010924fc0015057c2c","company":"LogComex","website":"Teste.com","location":"Curitiba","bio":"Sou Gislaine, mais conhecida como Kira","status":"QA Pleno","githubusername":"string","experience":[],"education":[],"date":"2021-07-03T07:22:44.318Z","__v":0} 
 </msg>
<msg timestamp="20210703 06:17:30.410" level="INFO">/usr/lib/python3/dist-packages/urllib3/connectionpool.py:999: InsecureRequestWarning: Unverified HTTPS request is being made to host 'conexaoqa.herokuapp.com'. Adding certificate verification is strongly advised. See: https://urllib3.readthedocs.io/en/latest/advanced-usage.html#ssl-warnings
  warnings.warn(</msg>
<msg timestamp="20210703 06:17:30.410" level="INFO">${RESPOSTA} = &lt;Response [200]&gt;</msg>
<status status="PASS" starttime="20210703 06:17:30.141" endtime="20210703 06:17:30.410"/>
</kw>
<kw name="Log" library="BuiltIn">
<arg>${RESPOSTA.text}</arg>
<doc>Logs the given message with the given level.</doc>
<msg timestamp="20210703 06:17:30.411" level="INFO">{"social":{"youtube":"","twitter":"","facebook":"","linkedin":"","instagram":"","medium":""},"skills":["Teste API","Testes Manuais","Regress�o","Robot Framework"],"_id":"60e010440924fc0015057c30","user":"60e00d010924fc0015057c2c","company":"LogComex","website":"Teste.com","location":"Curitiba","bio":"Sou Gislaine, mais conhecida como Kira","status":"QA Pleno","githubusername":"string","experience":[],"education":[],"date":"2021-07-03T07:22:44.318Z","__v":0}</msg>
<status status="PASS" starttime="20210703 06:17:30.410" endtime="20210703 06:17:30.412"/>
</kw>
<kw name="Set Test Variable" library="BuiltIn">
<arg>${RESPOSTA}</arg>
<doc>Makes a variable available everywhere within the scope of the current test.</doc>
<msg timestamp="20210703 06:17:30.412" level="INFO">${RESPOSTA} = &lt;Response [200]&gt;</msg>
<status status="PASS" starttime="20210703 06:17:30.412" endtime="20210703 06:17:30.412"/>
</kw>
<status status="PASS" starttime="20210703 06:17:30.139" endtime="20210703 06:17:30.412"/>
</kw>
<kw name="Conferir o status code" library="resourceAPI">
<arg>200</arg>
<kw name="Should Be Equal As Strings" library="BuiltIn">
<arg>${RESPOSTA.status_code}</arg>
<arg>${STATUSCODE_DES}</arg>
<doc>Fails if objects are unequal after converting them to strings.</doc>
<msg timestamp="20210703 06:17:30.414" level="INFO">Argument types are:
&lt;class 'int'&gt;
&lt;type 'unicode'&gt;</msg>
<status status="PASS" starttime="20210703 06:17:30.413" endtime="20210703 06:17:30.415"/>
</kw>
<status status="PASS" starttime="20210703 06:17:30.413" endtime="20210703 06:17:30.415"/>
</kw>
<status status="PASS" starttime="20210703 06:17:30.136" endtime="20210703 06:17:30.415"/>
</test>
<doc>https://conexaoqa.herokuapp.com/api-docs/#/</doc>
<status status="PASS" starttime="20210703 06:17:28.256" endtime="20210703 06:17:30.416"/>
</suite>
<statistics>
<total>
<stat pass="3" fail="0" skip="0">All Tests</stat>
</total>
<tag>
</tag>
<suite>
<stat pass="3" fail="0" skip="0" id="s1" name="API">API</stat>
</suite>
</statistics>
<errors>
</errors>
</robot>
