<?xml version="1.0" encoding="UTF-8"?>
<robot generator="Robot 4.0.3 (Python 3.8.10 on linux)" generated="20210703 06:04:12.382" rpa="false" schemaversion="2">
<suite id="s1" name="Acesso" source="/home/kira/Documentos/repo_git/desafioViradaQualidade/Front/acesso.robot">
<test id="s1-t1" name="Caso 01: Criar um Cadastro">
<kw name="Abrir navegador" library="resourceAcesso" type="SETUP">
<kw name="Open Browser" library="SeleniumLibrary">
<arg>${URL}</arg>
<arg>${BROWSER}</arg>
<doc>Opens a new browser instance to the optional ``url``.</doc>
<msg timestamp="20210703 06:04:12.562" level="INFO">Opening browser 'chrome' to base url 'https://conexaoqa.herokuapp.com/'.</msg>
<status status="PASS" starttime="20210703 06:04:12.561" endtime="20210703 06:04:16.612"/>
</kw>
<status status="PASS" starttime="20210703 06:04:12.560" endtime="20210703 06:04:16.615"/>
</kw>
<kw name="Acessar a página home do site" library="resourceAcesso">
<kw name="Wait Until Element Is Visible" library="SeleniumLibrary">
<arg>xpath=//*[@id="root"]//a[@data-test='navbar-conexaoQA']</arg>
<doc>Waits until the element ``locator`` is visible.</doc>
<status status="PASS" starttime="20210703 06:04:16.620" endtime="20210703 06:04:16.712"/>
</kw>
<kw name="Title Should Be" library="SeleniumLibrary">
<arg>ConexaoQA</arg>
<doc>Verifies that the current page title equals ``title``.</doc>
<msg timestamp="20210703 06:04:16.718" level="INFO">Page title is 'ConexaoQA'.</msg>
<status status="PASS" starttime="20210703 06:04:16.712" endtime="20210703 06:04:16.718"/>
</kw>
<status status="PASS" starttime="20210703 06:04:16.617" endtime="20210703 06:04:16.718"/>
</kw>
<kw name="Clicar no botão de &quot;Cadastrar&quot;" library="resourceAcesso" sourcename="Clicar no botão de &quot;${CADASTRAR}&quot;">
<kw name="Wait Until Element Is Visible" library="SeleniumLibrary">
<arg>xpath=//*[@id="root"]//a[@data-test='navbar-conexaoQA']</arg>
<doc>Waits until the element ``locator`` is visible.</doc>
<status status="PASS" starttime="20210703 06:04:16.719" endtime="20210703 06:04:16.744"/>
</kw>
<kw name="Title Should Be" library="SeleniumLibrary">
<arg>ConexaoQA</arg>
<doc>Verifies that the current page title equals ``title``.</doc>
<msg timestamp="20210703 06:04:16.749" level="INFO">Page title is 'ConexaoQA'.</msg>
<status status="PASS" starttime="20210703 06:04:16.744" endtime="20210703 06:04:16.749"/>
</kw>
<kw name="Click Element" library="SeleniumLibrary">
<arg>xpath=//*[@id="root"]//a[@data-test='landing-register']</arg>
<doc>Click the element identified by ``locator``.</doc>
<msg timestamp="20210703 06:04:16.749" level="INFO">Clicking element 'xpath=//*[@id="root"]//a[@data-test='landing-register']'.</msg>
<status status="PASS" starttime="20210703 06:04:16.749" endtime="20210703 06:04:16.877"/>
</kw>
<status status="PASS" starttime="20210703 06:04:16.718" endtime="20210703 06:04:16.877"/>
</kw>
<kw name="Preencher dados obrigatórios" library="resourceAcesso">
<kw name="Wait Until Element Is Visible" library="SeleniumLibrary">
<arg>xpath=//*[@id="root"]//*[@class='large text-primary']</arg>
<doc>Waits until the element ``locator`` is visible.</doc>
<status status="PASS" starttime="20210703 06:04:16.878" endtime="20210703 06:04:16.906"/>
</kw>
<kw name="Title Should Be" library="SeleniumLibrary">
<arg>ConexaoQA</arg>
<doc>Verifies that the current page title equals ``title``.</doc>
<msg timestamp="20210703 06:04:16.911" level="INFO">Page title is 'ConexaoQA'.</msg>
<status status="PASS" starttime="20210703 06:04:16.907" endtime="20210703 06:04:16.912"/>
</kw>
<kw name="Input Text" library="SeleniumLibrary">
<arg>name=name</arg>
<arg>Gislaine</arg>
<doc>Types the given ``text`` into the text field identified by ``locator``.</doc>
<msg timestamp="20210703 06:04:16.913" level="INFO">Typing text 'Gislaine' into text field 'name=name'.</msg>
<status status="PASS" starttime="20210703 06:04:16.912" endtime="20210703 06:04:17.124"/>
</kw>
<kw name="Input Text" library="SeleniumLibrary">
<arg>name=email</arg>
<arg>kow2.oliveira@gmail.com</arg>
<doc>Types the given ``text`` into the text field identified by ``locator``.</doc>
<msg timestamp="20210703 06:04:17.124" level="INFO">Typing text 'kow2.oliveira@gmail.com' into text field 'name=email'.</msg>
<status status="PASS" starttime="20210703 06:04:17.124" endtime="20210703 06:04:17.466"/>
</kw>
<kw name="Input Text" library="SeleniumLibrary">
<arg>name=password</arg>
<arg>123456</arg>
<doc>Types the given ``text`` into the text field identified by ``locator``.</doc>
<msg timestamp="20210703 06:04:17.467" level="INFO">Typing text '123456' into text field 'name=password'.</msg>
<status status="PASS" starttime="20210703 06:04:17.467" endtime="20210703 06:04:17.606"/>
</kw>
<kw name="Input Text" library="SeleniumLibrary">
<arg>name=password2</arg>
<arg>123456</arg>
<doc>Types the given ``text`` into the text field identified by ``locator``.</doc>
<msg timestamp="20210703 06:04:17.607" level="INFO">Typing text '123456' into text field 'name=password2'.</msg>
<status status="PASS" starttime="20210703 06:04:17.606" endtime="20210703 06:04:17.762"/>
</kw>
<kw name="Element Should Be Visible" library="SeleniumLibrary">
<arg>xpath=//*[@id="root"]//a[@data-test='register-login'][@href='/login']</arg>
<doc>Verifies that the element identified by ``locator`` is visible.</doc>
<msg timestamp="20210703 06:04:17.788" level="INFO">Element 'xpath=//*[@id="root"]//a[@data-test='register-login'][@href='/login']' is displayed.</msg>
<status status="PASS" starttime="20210703 06:04:17.762" endtime="20210703 06:04:17.788"/>
</kw>
<status status="PASS" starttime="20210703 06:04:16.877" endtime="20210703 06:04:17.788"/>
</kw>
<kw name="Clicar em &quot;Cadastrar&quot;" library="resourceAcesso" sourcename="Clicar em &quot;${CADASTRAR}&quot;">
<kw name="Click Element" library="SeleniumLibrary">
<arg>xpath=//*[@id="root"]//*[@data-test='register-submit']</arg>
<doc>Click the element identified by ``locator``.</doc>
<msg timestamp="20210703 06:04:17.789" level="INFO">Clicking element 'xpath=//*[@id="root"]//*[@data-test='register-submit']'.</msg>
<status status="PASS" starttime="20210703 06:04:17.789" endtime="20210703 06:04:17.877"/>
</kw>
<status status="PASS" starttime="20210703 06:04:17.788" endtime="20210703 06:04:17.877"/>
</kw>
<kw name="Fechar navegador" library="resourceAcesso" type="TEARDOWN">
<kw name="Close Browser" library="SeleniumLibrary">
<doc>Closes the current browser.</doc>
<status status="PASS" starttime="20210703 06:04:17.878" endtime="20210703 06:04:17.940"/>
</kw>
<status status="PASS" starttime="20210703 06:04:17.878" endtime="20210703 06:04:17.940"/>
</kw>
<status status="PASS" starttime="20210703 06:04:12.559" endtime="20210703 06:04:17.940"/>
</test>
<test id="s1-t2" name="Caso 02: Realizar Login">
<kw name="Abrir navegador" library="resourceAcesso" type="SETUP">
<kw name="Open Browser" library="SeleniumLibrary">
<arg>${URL}</arg>
<arg>${BROWSER}</arg>
<doc>Opens a new browser instance to the optional ``url``.</doc>
<msg timestamp="20210703 06:04:17.943" level="INFO">Opening browser 'chrome' to base url 'https://conexaoqa.herokuapp.com/'.</msg>
<status status="PASS" starttime="20210703 06:04:17.943" endtime="20210703 06:04:22.453"/>
</kw>
<status status="PASS" starttime="20210703 06:04:17.942" endtime="20210703 06:04:22.455"/>
</kw>
<kw name="Acessar a página home do site" library="resourceAcesso">
<kw name="Wait Until Element Is Visible" library="SeleniumLibrary">
<arg>xpath=//*[@id="root"]//a[@data-test='navbar-conexaoQA']</arg>
<doc>Waits until the element ``locator`` is visible.</doc>
<status status="PASS" starttime="20210703 06:04:22.460" endtime="20210703 06:04:22.545"/>
</kw>
<kw name="Title Should Be" library="SeleniumLibrary">
<arg>ConexaoQA</arg>
<doc>Verifies that the current page title equals ``title``.</doc>
<msg timestamp="20210703 06:04:22.551" level="INFO">Page title is 'ConexaoQA'.</msg>
<status status="PASS" starttime="20210703 06:04:22.545" endtime="20210703 06:04:22.551"/>
</kw>
<status status="PASS" starttime="20210703 06:04:22.457" endtime="20210703 06:04:22.552"/>
</kw>
<kw name="Clicar no &quot;Login&quot;" library="resourceAcesso" sourcename="Clicar no &quot;${LOGIN}&quot;">
<kw name="Wait Until Element Is Visible" library="SeleniumLibrary">
<arg>xpath=//*[@id="root"]//a[@data-test='navbar-conexaoQA']</arg>
<doc>Waits until the element ``locator`` is visible.</doc>
<status status="PASS" starttime="20210703 06:04:22.553" endtime="20210703 06:04:22.583"/>
</kw>
<kw name="Title Should Be" library="SeleniumLibrary">
<arg>ConexaoQA</arg>
<doc>Verifies that the current page title equals ``title``.</doc>
<msg timestamp="20210703 06:04:22.587" level="INFO">Page title is 'ConexaoQA'.</msg>
<status status="PASS" starttime="20210703 06:04:22.583" endtime="20210703 06:04:22.587"/>
</kw>
<kw name="Click Element" library="SeleniumLibrary">
<arg>xpath=//*[@id="root"]//*[@data-test='landing-login']</arg>
<doc>Click the element identified by ``locator``.</doc>
<msg timestamp="20210703 06:04:22.588" level="INFO">Clicking element 'xpath=//*[@id="root"]//*[@data-test='landing-login']'.</msg>
<status status="PASS" starttime="20210703 06:04:22.588" endtime="20210703 06:04:22.682"/>
</kw>
<status status="PASS" starttime="20210703 06:04:22.552" endtime="20210703 06:04:22.682"/>
</kw>
<kw name="Digitar email, senha e clicar em &quot;Login&quot;" library="resourceAcesso" sourcename="Digitar email, senha e clicar em &quot;${LOGIN}&quot;">
<kw name="Wait Until Element Is Visible" library="SeleniumLibrary">
<arg>xpath=//*[@id="root"]//*[@class='large text-primary']</arg>
<doc>Waits until the element ``locator`` is visible.</doc>
<status status="PASS" starttime="20210703 06:04:22.684" endtime="20210703 06:04:22.716"/>
</kw>
<kw name="Title Should Be" library="SeleniumLibrary">
<arg>ConexaoQA</arg>
<doc>Verifies that the current page title equals ``title``.</doc>
<msg timestamp="20210703 06:04:22.721" level="INFO">Page title is 'ConexaoQA'.</msg>
<status status="PASS" starttime="20210703 06:04:22.716" endtime="20210703 06:04:22.721"/>
</kw>
<kw name="Input Text" library="SeleniumLibrary">
<arg>name=email</arg>
<arg>kow2.oliveira@gmail.com</arg>
<doc>Types the given ``text`` into the text field identified by ``locator``.</doc>
<msg timestamp="20210703 06:04:22.722" level="INFO">Typing text 'kow2.oliveira@gmail.com' into text field 'name=email'.</msg>
<status status="PASS" starttime="20210703 06:04:22.722" endtime="20210703 06:04:23.035"/>
</kw>
<kw name="Input Text" library="SeleniumLibrary">
<arg>name=password</arg>
<arg>123456</arg>
<doc>Types the given ``text`` into the text field identified by ``locator``.</doc>
<msg timestamp="20210703 06:04:23.036" level="INFO">Typing text '123456' into text field 'name=password'.</msg>
<status status="PASS" starttime="20210703 06:04:23.035" endtime="20210703 06:04:23.168"/>
</kw>
<kw name="Element Should Be Visible" library="SeleniumLibrary">
<arg>xpath=//*[@id="root"]//a[@data-test='login-register'][@href='/cadastrar']</arg>
<doc>Verifies that the element identified by ``locator`` is visible.</doc>
<msg timestamp="20210703 06:04:23.193" level="INFO">Element 'xpath=//*[@id="root"]//a[@data-test='login-register'][@href='/cadastrar']' is displayed.</msg>
<status status="PASS" starttime="20210703 06:04:23.169" endtime="20210703 06:04:23.193"/>
</kw>
<kw name="Click Element" library="SeleniumLibrary">
<arg>xpath=//*[@id="root"]//*[@data-test='login-submit']</arg>
<doc>Click the element identified by ``locator``.</doc>
<msg timestamp="20210703 06:04:23.194" level="INFO">Clicking element 'xpath=//*[@id="root"]//*[@data-test='login-submit']'.</msg>
<status status="PASS" starttime="20210703 06:04:23.194" endtime="20210703 06:04:23.266"/>
</kw>
<status status="PASS" starttime="20210703 06:04:22.683" endtime="20210703 06:04:23.266"/>
</kw>
<kw name="Página do Perfil" library="resourceAcesso">
<kw name="Go To" library="SeleniumLibrary">
<arg>https://conexaoqa.herokuapp.com/dashboard</arg>
<doc>Navigates the current browser window to the provided ``url``.</doc>
<msg timestamp="20210703 06:04:23.267" level="INFO">Opening url 'https://conexaoqa.herokuapp.com/dashboard'</msg>
<status status="PASS" starttime="20210703 06:04:23.267" endtime="20210703 06:04:24.366"/>
</kw>
<kw name="Wait Until Element Is Enabled" library="SeleniumLibrary">
<arg>xpath=//*[@id="root"]//*[@class='large text-primary']</arg>
<doc>Waits until the element ``locator`` is enabled.</doc>
<status status="PASS" starttime="20210703 06:04:24.366" endtime="20210703 06:04:24.878"/>
</kw>
<kw name="Title Should Be" library="SeleniumLibrary">
<arg>ConexaoQA</arg>
<doc>Verifies that the current page title equals ``title``.</doc>
<msg timestamp="20210703 06:04:24.882" level="INFO">Page title is 'ConexaoQA'.</msg>
<status status="PASS" starttime="20210703 06:04:24.878" endtime="20210703 06:04:24.883"/>
</kw>
<kw name="Click Element" library="SeleniumLibrary">
<arg>xpath=//*[@id="root"]//*[@data-test='dashboard-createProfile']</arg>
<doc>Click the element identified by ``locator``.</doc>
<msg timestamp="20210703 06:04:24.883" level="INFO">Clicking element 'xpath=//*[@id="root"]//*[@data-test='dashboard-createProfile']'.</msg>
<status status="PASS" starttime="20210703 06:04:24.883" endtime="20210703 06:04:24.976"/>
</kw>
<status status="PASS" starttime="20210703 06:04:23.266" endtime="20210703 06:04:24.976"/>
</kw>
<kw name="Cadastrar Perfil" library="resourceAcesso">
<kw name="Go To" library="SeleniumLibrary">
<arg>https://conexaoqa.herokuapp.com/criar-perfil</arg>
<doc>Navigates the current browser window to the provided ``url``.</doc>
<msg timestamp="20210703 06:04:24.977" level="INFO">Opening url 'https://conexaoqa.herokuapp.com/criar-perfil'</msg>
<status status="PASS" starttime="20210703 06:04:24.977" endtime="20210703 06:04:25.674"/>
</kw>
<kw name="Wait Until Element Is Enabled" library="SeleniumLibrary">
<arg>xpath=//*[@id="root"]//*[@class='large text-primary']</arg>
<doc>Waits until the element ``locator`` is enabled.</doc>
<status status="PASS" starttime="20210703 06:04:25.674" endtime="20210703 06:04:26.184"/>
</kw>
<kw name="Title Should Be" library="SeleniumLibrary">
<arg>ConexaoQA</arg>
<doc>Verifies that the current page title equals ``title``.</doc>
<msg timestamp="20210703 06:04:26.189" level="INFO">Page title is 'ConexaoQA'.</msg>
<status status="PASS" starttime="20210703 06:04:26.184" endtime="20210703 06:04:26.189"/>
</kw>
<kw name="Click Element" library="SeleniumLibrary">
<arg>xpath=//*[@id="root"]//*[@data-test='profile-status']</arg>
<doc>Click the element identified by ``locator``.</doc>
<msg timestamp="20210703 06:04:26.189" level="INFO">Clicking element 'xpath=//*[@id="root"]//*[@data-test='profile-status']'.</msg>
<status status="PASS" starttime="20210703 06:04:26.189" endtime="20210703 06:04:26.283"/>
</kw>
<kw name="Scroll Element Into View" library="SeleniumLibrary">
<arg>xpath=//*[@id="menu-status"]//*[@data-test='status-2'][@data-value='QA Pleno']</arg>
<doc>Scrolls the element identified by ``locator`` into view.</doc>
<status status="PASS" starttime="20210703 06:04:26.283" endtime="20210703 06:04:26.568"/>
</kw>
<kw name="Click Element" library="SeleniumLibrary">
<arg>xpath=//*[@id="menu-status"]//*[@data-test='status-2'][@data-value='QA Pleno']</arg>
<doc>Click the element identified by ``locator``.</doc>
<msg timestamp="20210703 06:04:26.569" level="INFO">Clicking element 'xpath=//*[@id="menu-status"]//*[@data-test='status-2'][@data-value='QA Pleno']'.</msg>
<status status="PASS" starttime="20210703 06:04:26.568" endtime="20210703 06:04:26.695"/>
</kw>
<kw name="Input Text" library="SeleniumLibrary">
<arg>name=company</arg>
<arg>LogComex</arg>
<doc>Types the given ``text`` into the text field identified by ``locator``.</doc>
<msg timestamp="20210703 06:04:26.696" level="INFO">Typing text 'LogComex' into text field 'name=company'.</msg>
<status status="PASS" starttime="20210703 06:04:26.695" endtime="20210703 06:04:27.040"/>
</kw>
<kw name="Input Text" library="SeleniumLibrary">
<arg>name=website</arg>
<arg>https://www.logcomex.com/</arg>
<doc>Types the given ``text`` into the text field identified by ``locator``.</doc>
<msg timestamp="20210703 06:04:27.040" level="INFO">Typing text 'https://www.logcomex.com/' into text field 'name=website'.</msg>
<status status="PASS" starttime="20210703 06:04:27.040" endtime="20210703 06:04:27.413"/>
</kw>
<kw name="Input Text" library="SeleniumLibrary">
<arg>name=location</arg>
<arg>Curitiba</arg>
<doc>Types the given ``text`` into the text field identified by ``locator``.</doc>
<msg timestamp="20210703 06:04:27.413" level="INFO">Typing text 'Curitiba' into text field 'name=location'.</msg>
<status status="PASS" starttime="20210703 06:04:27.413" endtime="20210703 06:04:27.573"/>
</kw>
<kw name="Input Text" library="SeleniumLibrary">
<arg>name=skills</arg>
<arg>Testes Manuais, Testes de Integração, Automação de Testes, Robot, Testes de API, Postman</arg>
<doc>Types the given ``text`` into the text field identified by ``locator``.</doc>
<msg timestamp="20210703 06:04:27.574" level="INFO">Typing text 'Testes Manuais, Testes de Integração, Automação de Testes, Robot, Testes de API, Postman' into text field 'name=skills'.</msg>
<status status="PASS" starttime="20210703 06:04:27.573" endtime="20210703 06:04:28.332"/>
</kw>
<kw name="Input Text" library="SeleniumLibrary">
<arg>name=githubusername</arg>
<arg>https://github.com/KiraOliveira</arg>
<doc>Types the given ``text`` into the text field identified by ``locator``.</doc>
<msg timestamp="20210703 06:04:28.333" level="INFO">Typing text 'https://github.com/KiraOliveira' into text field 'name=githubusername'.</msg>
<status status="PASS" starttime="20210703 06:04:28.333" endtime="20210703 06:04:28.659"/>
</kw>
<kw name="Input Text" library="SeleniumLibrary">
<arg>name=bio</arg>
<arg>Mais conhecida como Kira, adoro tecnologia, leitura, caminhada e qualidade. Estou na área a uns 4 anos e estudo atualmente automação de testes com Robot.</arg>
<doc>Types the given ``text`` into the text field identified by ``locator``.</doc>
<msg timestamp="20210703 06:04:28.659" level="INFO">Typing text 'Mais conhecida como Kira, adoro tecnologia, leitura, caminhada e qualidade. Estou na área a uns 4 anos e estudo atualmente automação de testes com Robot.' into text field 'name=bio'.</msg>
<status status="PASS" starttime="20210703 06:04:28.659" endtime="20210703 06:04:29.816"/>
</kw>
<kw name="Click Element" library="SeleniumLibrary">
<arg>xpath=//*[@id="root"]//*[@data-test='profile-socials']</arg>
<doc>Click the element identified by ``locator``.</doc>
<msg timestamp="20210703 06:04:29.816" level="INFO">Clicking element 'xpath=//*[@id="root"]//*[@data-test='profile-socials']'.</msg>
<status status="PASS" starttime="20210703 06:04:29.816" endtime="20210703 06:04:29.901"/>
</kw>
<kw name="Input Text" library="SeleniumLibrary">
<arg>name=linkedin</arg>
<arg>https://www.linkedin.com/in/gislaine-oliveira/</arg>
<doc>Types the given ``text`` into the text field identified by ``locator``.</doc>
<msg timestamp="20210703 06:04:29.901" level="INFO">Typing text 'https://www.linkedin.com/in/gislaine-oliveira/' into text field 'name=linkedin'.</msg>
<status status="PASS" starttime="20210703 06:04:29.901" endtime="20210703 06:04:30.529"/>
</kw>
<kw name="Click Element" library="SeleniumLibrary">
<arg>xpath=//*[@id="root"]//*[@data-test='profile-submit']</arg>
<doc>Click the element identified by ``locator``.</doc>
<msg timestamp="20210703 06:04:30.530" level="INFO">Clicking element 'xpath=//*[@id="root"]//*[@data-test='profile-submit']'.</msg>
<status status="PASS" starttime="20210703 06:04:30.529" endtime="20210703 06:04:30.605"/>
</kw>
<status status="PASS" starttime="20210703 06:04:24.976" endtime="20210703 06:04:30.605"/>
</kw>
<kw name="Fechar navegador" library="resourceAcesso" type="TEARDOWN">
<kw name="Close Browser" library="SeleniumLibrary">
<doc>Closes the current browser.</doc>
<status status="PASS" starttime="20210703 06:04:30.606" endtime="20210703 06:04:30.672"/>
</kw>
<status status="PASS" starttime="20210703 06:04:30.605" endtime="20210703 06:04:30.673"/>
</kw>
<status status="PASS" starttime="20210703 06:04:17.941" endtime="20210703 06:04:30.674"/>
</test>
<status status="PASS" starttime="20210703 06:04:12.383" endtime="20210703 06:04:30.681"/>
</suite>
<statistics>
<total>
<stat pass="2" fail="0" skip="0">All Tests</stat>
</total>
<tag>
</tag>
<suite>
<stat pass="2" fail="0" skip="0" id="s1" name="Acesso">Acesso</stat>
</suite>
</statistics>
<errors>
</errors>
</robot>
