<?xml version="1.0" encoding="UTF-8"?>
<robot generator="Robot 4.0.3 (Python 3.8.10 on linux)" generated="20210705 23:50:04.251" rpa="false" schemaversion="2">
<suite id="s1" name="Acesso" source="/home/kira/Documentos/repo_git/desafioViradaQualidade/Front/acesso.robot">
<test id="s1-t1" name="Caso 02: Realizar Login">
<kw name="Abrir navegador" library="resourceAcesso" type="SETUP">
<kw name="Open Browser" library="SeleniumLibrary">
<arg>${URL}</arg>
<arg>${BROWSER}</arg>
<doc>Opens a new browser instance to the optional ``url``.</doc>
<msg timestamp="20210705 23:50:04.429" level="INFO">Opening browser 'chrome' to base url 'https://conexaoqa.herokuapp.com/'.</msg>
<status status="PASS" starttime="20210705 23:50:04.428" endtime="20210705 23:50:09.806"/>
</kw>
<status status="PASS" starttime="20210705 23:50:04.427" endtime="20210705 23:50:09.808"/>
</kw>
<kw name="Acessar a página home do site" library="resourceAcesso">
<kw name="Wait Until Element Is Visible" library="SeleniumLibrary">
<arg>xpath=//*[@id="root"]//a[@data-test='navbar-conexaoQA']</arg>
<doc>Waits until the element ``locator`` is visible.</doc>
<status status="PASS" starttime="20210705 23:50:09.817" endtime="20210705 23:50:09.892"/>
</kw>
<kw name="Title Should Be" library="SeleniumLibrary">
<arg>ConexaoQA</arg>
<doc>Verifies that the current page title equals ``title``.</doc>
<msg timestamp="20210705 23:50:09.899" level="INFO">Page title is 'ConexaoQA'.</msg>
<status status="PASS" starttime="20210705 23:50:09.893" endtime="20210705 23:50:09.899"/>
</kw>
<status status="PASS" starttime="20210705 23:50:09.813" endtime="20210705 23:50:09.899"/>
</kw>
<kw name="Clicar no &quot;Login&quot;" library="resourceAcesso" sourcename="Clicar no &quot;${LOGIN}&quot;">
<kw name="Wait Until Element Is Visible" library="SeleniumLibrary">
<arg>xpath=//*[@id="root"]//a[@data-test='navbar-conexaoQA']</arg>
<doc>Waits until the element ``locator`` is visible.</doc>
<status status="PASS" starttime="20210705 23:50:09.900" endtime="20210705 23:50:09.930"/>
</kw>
<kw name="Title Should Be" library="SeleniumLibrary">
<arg>ConexaoQA</arg>
<doc>Verifies that the current page title equals ``title``.</doc>
<msg timestamp="20210705 23:50:09.935" level="INFO">Page title is 'ConexaoQA'.</msg>
<status status="PASS" starttime="20210705 23:50:09.930" endtime="20210705 23:50:09.935"/>
</kw>
<kw name="Click Element" library="SeleniumLibrary">
<arg>xpath=//*[@id="root"]//*[@data-test='landing-login']</arg>
<doc>Click the element identified by ``locator``.</doc>
<msg timestamp="20210705 23:50:09.936" level="INFO">Clicking element 'xpath=//*[@id="root"]//*[@data-test='landing-login']'.</msg>
<status status="PASS" starttime="20210705 23:50:09.935" endtime="20210705 23:50:10.033"/>
</kw>
<status status="PASS" starttime="20210705 23:50:09.899" endtime="20210705 23:50:10.034"/>
</kw>
<kw name="Digitar email, senha e clicar em &quot;Login&quot;" library="resourceAcesso" sourcename="Digitar email, senha e clicar em &quot;${LOGIN}&quot;">
<kw name="Wait Until Element Is Visible" library="SeleniumLibrary">
<arg>xpath=//*[@id="root"]//*[@class='large text-primary']</arg>
<doc>Waits until the element ``locator`` is visible.</doc>
<status status="PASS" starttime="20210705 23:50:10.035" endtime="20210705 23:50:10.062"/>
</kw>
<kw name="Title Should Be" library="SeleniumLibrary">
<arg>ConexaoQA</arg>
<doc>Verifies that the current page title equals ``title``.</doc>
<msg timestamp="20210705 23:50:10.066" level="INFO">Page title is 'ConexaoQA'.</msg>
<status status="PASS" starttime="20210705 23:50:10.062" endtime="20210705 23:50:10.066"/>
</kw>
<kw name="Input Text" library="SeleniumLibrary">
<arg>name=email</arg>
<arg>kow2.oliveira@gmail.com</arg>
<doc>Types the given ``text`` into the text field identified by ``locator``.</doc>
<msg timestamp="20210705 23:50:10.066" level="INFO">Typing text 'kow2.oliveira@gmail.com' into text field 'name=email'.</msg>
<status status="PASS" starttime="20210705 23:50:10.066" endtime="20210705 23:50:10.370"/>
</kw>
<kw name="Input Text" library="SeleniumLibrary">
<arg>name=password</arg>
<arg>123456</arg>
<doc>Types the given ``text`` into the text field identified by ``locator``.</doc>
<msg timestamp="20210705 23:50:10.370" level="INFO">Typing text '123456' into text field 'name=password'.</msg>
<status status="PASS" starttime="20210705 23:50:10.370" endtime="20210705 23:50:10.510"/>
</kw>
<kw name="Element Should Be Visible" library="SeleniumLibrary">
<arg>xpath=//*[@id="root"]//a[@data-test='login-register'][@href='/cadastrar']</arg>
<doc>Verifies that the element identified by ``locator`` is visible.</doc>
<msg timestamp="20210705 23:50:10.536" level="INFO">Element 'xpath=//*[@id="root"]//a[@data-test='login-register'][@href='/cadastrar']' is displayed.</msg>
<status status="PASS" starttime="20210705 23:50:10.511" endtime="20210705 23:50:10.536"/>
</kw>
<kw name="Click Element" library="SeleniumLibrary">
<arg>xpath=//*[@id="root"]//*[@data-test='login-submit']</arg>
<doc>Click the element identified by ``locator``.</doc>
<msg timestamp="20210705 23:50:10.537" level="INFO">Clicking element 'xpath=//*[@id="root"]//*[@data-test='login-submit']'.</msg>
<status status="PASS" starttime="20210705 23:50:10.537" endtime="20210705 23:50:10.611"/>
</kw>
<status status="PASS" starttime="20210705 23:50:10.034" endtime="20210705 23:50:10.611"/>
</kw>
<kw name="Página do Perfil" library="resourceAcesso">
<kw name="Go To" library="SeleniumLibrary">
<arg>https://conexaoqa.herokuapp.com/dashboard</arg>
<doc>Navigates the current browser window to the provided ``url``.</doc>
<msg timestamp="20210705 23:50:10.612" level="INFO">Opening url 'https://conexaoqa.herokuapp.com/dashboard'</msg>
<status status="PASS" starttime="20210705 23:50:10.612" endtime="20210705 23:50:11.640"/>
</kw>
<kw name="Wait Until Element Is Enabled" library="SeleniumLibrary">
<arg>xpath=//*[@id="root"]//*[@class='large text-primary']</arg>
<doc>Waits until the element ``locator`` is enabled.</doc>
<kw name="Capture Page Screenshot" library="SeleniumLibrary">
<doc>Takes a screenshot of the current page and embeds it into a log file.</doc>
<msg timestamp="20210705 23:50:16.977" level="INFO" html="true">&lt;/td&gt;&lt;/tr&gt;&lt;tr&gt;&lt;td colspan="3"&gt;&lt;a href="selenium-screenshot-59.png"&gt;&lt;img src="selenium-screenshot-59.png" width="800px"&gt;&lt;/a&gt;</msg>
<status status="PASS" starttime="20210705 23:50:16.854" endtime="20210705 23:50:16.977"/>
</kw>
<msg timestamp="20210705 23:50:16.978" level="FAIL">Element with locator 'xpath=//*[@id="root"]//*[@class='large text-primary']' not found.</msg>
<status status="FAIL" starttime="20210705 23:50:11.640" endtime="20210705 23:50:16.978"/>
</kw>
<kw name="Title Should Be" library="SeleniumLibrary">
<arg>ConexaoQA</arg>
<doc>Verifies that the current page title equals ``title``.</doc>
<status status="NOT RUN" starttime="20210705 23:50:16.978" endtime="20210705 23:50:16.978"/>
</kw>
<kw name="Click Element" library="SeleniumLibrary">
<arg>xpath=//*[@id="root"]//*[@data-test='dashboard-createProfile']</arg>
<doc>Click the element identified by ``locator``.</doc>
<status status="NOT RUN" starttime="20210705 23:50:16.979" endtime="20210705 23:50:16.979"/>
</kw>
<status status="FAIL" starttime="20210705 23:50:10.612" endtime="20210705 23:50:16.979"/>
</kw>
<kw name="Cadastrar Perfil" library="resourceAcesso">
<status status="NOT RUN" starttime="20210705 23:50:16.979" endtime="20210705 23:50:16.979"/>
</kw>
<kw name="Fechar navegador" library="resourceAcesso" type="TEARDOWN">
<kw name="Close Browser" library="SeleniumLibrary">
<doc>Closes the current browser.</doc>
<status status="PASS" starttime="20210705 23:50:16.980" endtime="20210705 23:50:17.039"/>
</kw>
<status status="PASS" starttime="20210705 23:50:16.980" endtime="20210705 23:50:17.039"/>
</kw>
<status status="FAIL" starttime="20210705 23:50:04.426" endtime="20210705 23:50:17.039">Element with locator 'xpath=//*[@id="root"]//*[@class='large text-primary']' not found.</status>
</test>
<status status="FAIL" starttime="20210705 23:50:04.252" endtime="20210705 23:50:17.040"/>
</suite>
<statistics>
<total>
<stat pass="0" fail="1" skip="0">All Tests</stat>
</total>
<tag>
</tag>
<suite>
<stat pass="0" fail="1" skip="0" id="s1" name="Acesso">Acesso</stat>
</suite>
</statistics>
<errors>
</errors>
</robot>
